<?xml version="1.0" encoding="UTF-8"?>
<testsuite xmlns:xsi="http://www.w3.org/2001/XMLSchema-instance" xsi:noNamespaceSchemaLocation="https://maven.apache.org/surefire/maven-surefire-plugin/xsd/surefire-test-report-3.0.xsd" version="3.0" name="runners.TestRunner" time="27.3" tests="1" errors="0" skipped="0" failures="0">
  <properties>
    <property name="java.specification.version" value="22"/>
    <property name="sun.cpu.isalist" value="amd64"/>
    <property name="sun.jnu.encoding" value="Cp1252"/>
    <property name="java.class.path" value="C:\Users\Lenovo\Downloads\ubs-analytics-validator (2)\target\test-classes;C:\Users\Lenovo\Downloads\ubs-analytics-validator (2)\target\classes;C:\Users\Lenovo\.m2\repository\io\cucumber\cucumber-java\7.14.0\cucumber-java-7.14.0.jar;C:\Users\Lenovo\.m2\repository\io\cucumber\cucumber-core\7.14.0\cucumber-core-7.14.0.jar;C:\Users\Lenovo\.m2\repository\io\cucumber\cucumber-gherkin\7.14.0\cucumber-gherkin-7.14.0.jar;C:\Users\Lenovo\.m2\repository\io\cucumber\cucumber-gherkin-messages\7.14.0\cucumber-gherkin-messages-7.14.0.jar;C:\Users\Lenovo\.m2\repository\io\cucumber\gherkin\26.2.0\gherkin-26.2.0.jar;C:\Users\Lenovo\.m2\repository\io\cucumber\messages\22.0.0\messages-22.0.0.jar;C:\Users\Lenovo\.m2\repository\io\cucumber\tag-expressions\5.0.6\tag-expressions-5.0.6.jar;C:\Users\Lenovo\.m2\repository\io\cucumber\cucumber-expressions\16.1.2\cucumber-expressions-16.1.2.jar;C:\Users\Lenovo\.m2\repository\io\cucumber\datatable\7.14.0\datatable-7.14.0.jar;C:\Users\Lenovo\.m2\repository\io\cucumber\cucumber-plugin\7.14.0\cucumber-plugin-7.14.0.jar;C:\Users\Lenovo\.m2\repository\io\cucumber\docstring\7.14.0\docstring-7.14.0.jar;C:\Users\Lenovo\.m2\repository\io\cucumber\html-formatter\20.4.0\html-formatter-20.4.0.jar;C:\Users\Lenovo\.m2\repository\io\cucumber\junit-xml-formatter\0.2.0\junit-xml-formatter-0.2.0.jar;C:\Users\Lenovo\.m2\repository\io\cucumber\ci-environment\9.2.0\ci-environment-9.2.0.jar;C:\Users\Lenovo\.m2\repository\org\apiguardian\apiguardian-api\1.1.2\apiguardian-api-1.1.2.jar;C:\Users\Lenovo\.m2\repository\io\cucumber\cucumber-junit\7.14.0\cucumber-junit-7.14.0.jar;C:\Users\Lenovo\.m2\repository\org\seleniumhq\selenium\selenium-java\4.32.0\selenium-java-4.32.0.jar;C:\Users\Lenovo\.m2\repository\org\seleniumhq\selenium\selenium-api\4.32.0\selenium-api-4.32.0.jar;C:\Users\Lenovo\.m2\repository\org\jspecify\jspecify\1.0.0\jspecify-1.0.0.jar;C:\Users\Lenovo\.m2\repository\org\seleniumhq\selenium\selenium-chrome-driver\4.32.0\selenium-chrome-driver-4.32.0.jar;C:\Users\Lenovo\.m2\repository\org\seleniumhq\selenium\selenium-chromium-driver\4.32.0\selenium-chromium-driver-4.32.0.jar;C:\Users\Lenovo\.m2\repository\org\seleniumhq\selenium\selenium-manager\4.32.0\selenium-manager-4.32.0.jar;C:\Users\Lenovo\.m2\repository\org\seleniumhq\selenium\selenium-devtools-v135\4.32.0\selenium-devtools-v135-4.32.0.jar;C:\Users\Lenovo\.m2\repository\org\seleniumhq\selenium\selenium-devtools-v136\4.32.0\selenium-devtools-v136-4.32.0.jar;C:\Users\Lenovo\.m2\repository\org\seleniumhq\selenium\selenium-edge-driver\4.32.0\selenium-edge-driver-4.32.0.jar;C:\Users\Lenovo\.m2\repository\org\seleniumhq\selenium\selenium-firefox-driver\4.32.0\selenium-firefox-driver-4.32.0.jar;C:\Users\Lenovo\.m2\repository\org\seleniumhq\selenium\selenium-http\4.32.0\selenium-http-4.32.0.jar;C:\Users\Lenovo\.m2\repository\org\seleniumhq\selenium\selenium-ie-driver\4.32.0\selenium-ie-driver-4.32.0.jar;C:\Users\Lenovo\.m2\repository\org\seleniumhq\selenium\selenium-remote-driver\4.32.0\selenium-remote-driver-4.32.0.jar;C:\Users\Lenovo\.m2\repository\com\google\guava\guava\33.4.8-jre\guava-33.4.8-jre.jar;C:\Users\Lenovo\.m2\repository\com\google\guava\failureaccess\1.0.3\failureaccess-1.0.3.jar;C:\Users\Lenovo\.m2\repository\com\google\guava\listenablefuture\9999.0-empty-to-avoid-conflict-with-guava\listenablefuture-9999.0-empty-to-avoid-conflict-with-guava.jar;C:\Users\Lenovo\.m2\repository\com\google\errorprone\error_prone_annotations\2.36.0\error_prone_annotations-2.36.0.jar;C:\Users\Lenovo\.m2\repository\com\google\j2objc\j2objc-annotations\3.0.0\j2objc-annotations-3.0.0.jar;C:\Users\Lenovo\.m2\repository\io\opentelemetry\opentelemetry-api\1.49.0\opentelemetry-api-1.49.0.jar;C:\Users\Lenovo\.m2\repository\io\opentelemetry\opentelemetry-context\1.49.0\opentelemetry-context-1.49.0.jar;C:\Users\Lenovo\.m2\repository\io\opentelemetry\opentelemetry-exporter-logging\1.49.0\opentelemetry-exporter-logging-1.49.0.jar;C:\Users\Lenovo\.m2\repository\io\opentelemetry\opentelemetry-sdk-common\1.49.0\opentelemetry-sdk-common-1.49.0.jar;C:\Users\Lenovo\.m2\repository\io\opentelemetry\opentelemetry-sdk-extension-autoconfigure-spi\1.49.0\opentelemetry-sdk-extension-autoconfigure-spi-1.49.0.jar;C:\Users\Lenovo\.m2\repository\io\opentelemetry\opentelemetry-sdk-extension-autoconfigure\1.49.0\opentelemetry-sdk-extension-autoconfigure-1.49.0.jar;C:\Users\Lenovo\.m2\repository\io\opentelemetry\opentelemetry-sdk-trace\1.49.0\opentelemetry-sdk-trace-1.49.0.jar;C:\Users\Lenovo\.m2\repository\io\opentelemetry\opentelemetry-sdk\1.49.0\opentelemetry-sdk-1.49.0.jar;C:\Users\Lenovo\.m2\repository\io\opentelemetry\opentelemetry-sdk-metrics\1.49.0\opentelemetry-sdk-metrics-1.49.0.jar;C:\Users\Lenovo\.m2\repository\io\opentelemetry\opentelemetry-sdk-logs\1.49.0\opentelemetry-sdk-logs-1.49.0.jar;C:\Users\Lenovo\.m2\repository\net\bytebuddy\byte-buddy\1.17.5\byte-buddy-1.17.5.jar;C:\Users\Lenovo\.m2\repository\org\seleniumhq\selenium\selenium-os\4.32.0\selenium-os-4.32.0.jar;C:\Users\Lenovo\.m2\repository\org\apache\commons\commons-exec\1.4.0\commons-exec-1.4.0.jar;C:\Users\Lenovo\.m2\repository\org\seleniumhq\selenium\selenium-safari-driver\4.32.0\selenium-safari-driver-4.32.0.jar;C:\Users\Lenovo\.m2\repository\org\seleniumhq\selenium\selenium-support\4.32.0\selenium-support-4.32.0.jar;C:\Users\Lenovo\.m2\repository\org\seleniumhq\selenium\selenium-devtools-v134\4.32.0\selenium-devtools-v134-4.32.0.jar;C:\Users\Lenovo\.m2\repository\com\google\auto\service\auto-service-annotations\1.1.1\auto-service-annotations-1.1.1.jar;C:\Users\Lenovo\.m2\repository\org\seleniumhq\selenium\selenium-json\4.32.0\selenium-json-4.32.0.jar;C:\Users\Lenovo\.m2\repository\org\jfree\jfreechart\1.5.3\jfreechart-1.5.3.jar;C:\Users\Lenovo\.m2\repository\com\fasterxml\jackson\core\jackson-databind\2.16.1\jackson-databind-2.16.1.jar;C:\Users\Lenovo\.m2\repository\com\fasterxml\jackson\core\jackson-annotations\2.16.1\jackson-annotations-2.16.1.jar;C:\Users\Lenovo\.m2\repository\com\fasterxml\jackson\core\jackson-core\2.16.1\jackson-core-2.16.1.jar;C:\Users\Lenovo\.m2\repository\org\json\json\20240303\json-20240303.jar;C:\Users\Lenovo\.m2\repository\org\slf4j\slf4j-simple\2.0.12\slf4j-simple-2.0.12.jar;C:\Users\Lenovo\.m2\repository\junit\junit\4.13.2\junit-4.13.2.jar;C:\Users\Lenovo\.m2\repository\org\hamcrest\hamcrest-core\1.3\hamcrest-core-1.3.jar;C:\Users\Lenovo\.m2\repository\org\slf4j\slf4j-api\2.0.16\slf4j-api-2.0.16.jar;C:\Users\Lenovo\.m2\repository\ch\qos\logback\logback-classic\1.4.14\logback-classic-1.4.14.jar;C:\Users\Lenovo\.m2\repository\ch\qos\logback\logback-core\1.4.14\logback-core-1.4.14.jar;C:\Users\Lenovo\.m2\repository\net\masterthought\cucumber-reporting\5.9.0\cucumber-reporting-5.9.0.jar;C:\Users\Lenovo\.m2\repository\com\fasterxml\jackson\datatype\jackson-datatype-jsr310\2.18.3\jackson-datatype-jsr310-2.18.3.jar;C:\Users\Lenovo\.m2\repository\org\apache\velocity\velocity-engine-core\2.4.1\velocity-engine-core-2.4.1.jar;C:\Users\Lenovo\.m2\repository\joda-time\joda-time\2.13.1\joda-time-2.13.1.jar;C:\Users\Lenovo\.m2\repository\org\apache\commons\commons-configuration2\2.11.0\commons-configuration2-2.11.0.jar;C:\Users\Lenovo\.m2\repository\org\apache\commons\commons-lang3\3.17.0\commons-lang3-3.17.0.jar;C:\Users\Lenovo\.m2\repository\commons-io\commons-io\2.18.0\commons-io-2.18.0.jar;C:\Users\Lenovo\.m2\repository\org\apache\commons\commons-text\1.13.0\commons-text-1.13.0.jar;C:\Users\Lenovo\.m2\repository\org\jsoup\jsoup\1.20.1\jsoup-1.20.1.jar;C:\Users\Lenovo\.m2\repository\com\googlecode\owasp-java-html-sanitizer\owasp-java-html-sanitizer\20240325.1\owasp-java-html-sanitizer-20240325.1.jar;C:\Users\Lenovo\.m2\repository\com\googlecode\owasp-java-html-sanitizer\java8-shim\20240325.1\java8-shim-20240325.1.jar;C:\Users\Lenovo\.m2\repository\com\googlecode\owasp-java-html-sanitizer\java10-shim\20240325.1\java10-shim-20240325.1.jar;C:\Users\Lenovo\.m2\repository\org\slf4j\jcl-over-slf4j\2.0.17\jcl-over-slf4j-2.0.17.jar;"/>
    <property name="java.vm.vendor" value="Oracle Corporation"/>
    <property name="sun.arch.data.model" value="64"/>
    <property name="user.variant" value=""/>
    <property name="java.vendor.url" value="https://java.oracle.com/"/>
    <property name="user.timezone" value="Europe/Berlin"/>
    <property name="os.name" value="Windows 11"/>
    <property name="java.vm.specification.version" value="22"/>
    <property name="sun.java.launcher" value="SUN_STANDARD"/>
    <property name="user.country" value="US"/>
    <property name="sun.boot.library.path" value="C:\Users\Lenovo\.jdks\openjdk-22\bin"/>
    <property name="sun.java.command" value="C:\Users\Lenovo\AppData\Local\Temp\surefire4821889160731538216\surefirebooter-20250629223413714_3.jar C:\Users\Lenovo\AppData\Local\Temp\surefire4821889160731538216 2025-06-29T22-34-13_573-jvmRun1 surefire-20250629223413714_1tmp surefire_0-20250629223413714_2tmp"/>
    <property name="jdk.debug" value="release"/>
    <property name="surefire.test.class.path" value="C:\Users\Lenovo\Downloads\ubs-analytics-validator (2)\target\test-classes;C:\Users\Lenovo\Downloads\ubs-analytics-validator (2)\target\classes;C:\Users\Lenovo\.m2\repository\io\cucumber\cucumber-java\7.14.0\cucumber-java-7.14.0.jar;C:\Users\Lenovo\.m2\repository\io\cucumber\cucumber-core\7.14.0\cucumber-core-7.14.0.jar;C:\Users\Lenovo\.m2\repository\io\cucumber\cucumber-gherkin\7.14.0\cucumber-gherkin-7.14.0.jar;C:\Users\Lenovo\.m2\repository\io\cucumber\cucumber-gherkin-messages\7.14.0\cucumber-gherkin-messages-7.14.0.jar;C:\Users\Lenovo\.m2\repository\io\cucumber\gherkin\26.2.0\gherkin-26.2.0.jar;C:\Users\Lenovo\.m2\repository\io\cucumber\messages\22.0.0\messages-22.0.0.jar;C:\Users\Lenovo\.m2\repository\io\cucumber\tag-expressions\5.0.6\tag-expressions-5.0.6.jar;C:\Users\Lenovo\.m2\repository\io\cucumber\cucumber-expressions\16.1.2\cucumber-expressions-16.1.2.jar;C:\Users\Lenovo\.m2\repository\io\cucumber\datatable\7.14.0\datatable-7.14.0.jar;C:\Users\Lenovo\.m2\repository\io\cucumber\cucumber-plugin\7.14.0\cucumber-plugin-7.14.0.jar;C:\Users\Lenovo\.m2\repository\io\cucumber\docstring\7.14.0\docstring-7.14.0.jar;C:\Users\Lenovo\.m2\repository\io\cucumber\html-formatter\20.4.0\html-formatter-20.4.0.jar;C:\Users\Lenovo\.m2\repository\io\cucumber\junit-xml-formatter\0.2.0\junit-xml-formatter-0.2.0.jar;C:\Users\Lenovo\.m2\repository\io\cucumber\ci-environment\9.2.0\ci-environment-9.2.0.jar;C:\Users\Lenovo\.m2\repository\org\apiguardian\apiguardian-api\1.1.2\apiguardian-api-1.1.2.jar;C:\Users\Lenovo\.m2\repository\io\cucumber\cucumber-junit\7.14.0\cucumber-junit-7.14.0.jar;C:\Users\Lenovo\.m2\repository\org\seleniumhq\selenium\selenium-java\4.32.0\selenium-java-4.32.0.jar;C:\Users\Lenovo\.m2\repository\org\seleniumhq\selenium\selenium-api\4.32.0\selenium-api-4.32.0.jar;C:\Users\Lenovo\.m2\repository\org\jspecify\jspecify\1.0.0\jspecify-1.0.0.jar;C:\Users\Lenovo\.m2\repository\org\seleniumhq\selenium\selenium-chrome-driver\4.32.0\selenium-chrome-driver-4.32.0.jar;C:\Users\Lenovo\.m2\repository\org\seleniumhq\selenium\selenium-chromium-driver\4.32.0\selenium-chromium-driver-4.32.0.jar;C:\Users\Lenovo\.m2\repository\org\seleniumhq\selenium\selenium-manager\4.32.0\selenium-manager-4.32.0.jar;C:\Users\Lenovo\.m2\repository\org\seleniumhq\selenium\selenium-devtools-v135\4.32.0\selenium-devtools-v135-4.32.0.jar;C:\Users\Lenovo\.m2\repository\org\seleniumhq\selenium\selenium-devtools-v136\4.32.0\selenium-devtools-v136-4.32.0.jar;C:\Users\Lenovo\.m2\repository\org\seleniumhq\selenium\selenium-edge-driver\4.32.0\selenium-edge-driver-4.32.0.jar;C:\Users\Lenovo\.m2\repository\org\seleniumhq\selenium\selenium-firefox-driver\4.32.0\selenium-firefox-driver-4.32.0.jar;C:\Users\Lenovo\.m2\repository\org\seleniumhq\selenium\selenium-http\4.32.0\selenium-http-4.32.0.jar;C:\Users\Lenovo\.m2\repository\org\seleniumhq\selenium\selenium-ie-driver\4.32.0\selenium-ie-driver-4.32.0.jar;C:\Users\Lenovo\.m2\repository\org\seleniumhq\selenium\selenium-remote-driver\4.32.0\selenium-remote-driver-4.32.0.jar;C:\Users\Lenovo\.m2\repository\com\google\guava\guava\33.4.8-jre\guava-33.4.8-jre.jar;C:\Users\Lenovo\.m2\repository\com\google\guava\failureaccess\1.0.3\failureaccess-1.0.3.jar;C:\Users\Lenovo\.m2\repository\com\google\guava\listenablefuture\9999.0-empty-to-avoid-conflict-with-guava\listenablefuture-9999.0-empty-to-avoid-conflict-with-guava.jar;C:\Users\Lenovo\.m2\repository\com\google\errorprone\error_prone_annotations\2.36.0\error_prone_annotations-2.36.0.jar;C:\Users\Lenovo\.m2\repository\com\google\j2objc\j2objc-annotations\3.0.0\j2objc-annotations-3.0.0.jar;C:\Users\Lenovo\.m2\repository\io\opentelemetry\opentelemetry-api\1.49.0\opentelemetry-api-1.49.0.jar;C:\Users\Lenovo\.m2\repository\io\opentelemetry\opentelemetry-context\1.49.0\opentelemetry-context-1.49.0.jar;C:\Users\Lenovo\.m2\repository\io\opentelemetry\opentelemetry-exporter-logging\1.49.0\opentelemetry-exporter-logging-1.49.0.jar;C:\Users\Lenovo\.m2\repository\io\opentelemetry\opentelemetry-sdk-common\1.49.0\opentelemetry-sdk-common-1.49.0.jar;C:\Users\Lenovo\.m2\repository\io\opentelemetry\opentelemetry-sdk-extension-autoconfigure-spi\1.49.0\opentelemetry-sdk-extension-autoconfigure-spi-1.49.0.jar;C:\Users\Lenovo\.m2\repository\io\opentelemetry\opentelemetry-sdk-extension-autoconfigure\1.49.0\opentelemetry-sdk-extension-autoconfigure-1.49.0.jar;C:\Users\Lenovo\.m2\repository\io\opentelemetry\opentelemetry-sdk-trace\1.49.0\opentelemetry-sdk-trace-1.49.0.jar;C:\Users\Lenovo\.m2\repository\io\opentelemetry\opentelemetry-sdk\1.49.0\opentelemetry-sdk-1.49.0.jar;C:\Users\Lenovo\.m2\repository\io\opentelemetry\opentelemetry-sdk-metrics\1.49.0\opentelemetry-sdk-metrics-1.49.0.jar;C:\Users\Lenovo\.m2\repository\io\opentelemetry\opentelemetry-sdk-logs\1.49.0\opentelemetry-sdk-logs-1.49.0.jar;C:\Users\Lenovo\.m2\repository\net\bytebuddy\byte-buddy\1.17.5\byte-buddy-1.17.5.jar;C:\Users\Lenovo\.m2\repository\org\seleniumhq\selenium\selenium-os\4.32.0\selenium-os-4.32.0.jar;C:\Users\Lenovo\.m2\repository\org\apache\commons\commons-exec\1.4.0\commons-exec-1.4.0.jar;C:\Users\Lenovo\.m2\repository\org\seleniumhq\selenium\selenium-safari-driver\4.32.0\selenium-safari-driver-4.32.0.jar;C:\Users\Lenovo\.m2\repository\org\seleniumhq\selenium\selenium-support\4.32.0\selenium-support-4.32.0.jar;C:\Users\Lenovo\.m2\repository\org\seleniumhq\selenium\selenium-devtools-v134\4.32.0\selenium-devtools-v134-4.32.0.jar;C:\Users\Lenovo\.m2\repository\com\google\auto\service\auto-service-annotations\1.1.1\auto-service-annotations-1.1.1.jar;C:\Users\Lenovo\.m2\repository\org\seleniumhq\selenium\selenium-json\4.32.0\selenium-json-4.32.0.jar;C:\Users\Lenovo\.m2\repository\org\jfree\jfreechart\1.5.3\jfreechart-1.5.3.jar;C:\Users\Lenovo\.m2\repository\com\fasterxml\jackson\core\jackson-databind\2.16.1\jackson-databind-2.16.1.jar;C:\Users\Lenovo\.m2\repository\com\fasterxml\jackson\core\jackson-annotations\2.16.1\jackson-annotations-2.16.1.jar;C:\Users\Lenovo\.m2\repository\com\fasterxml\jackson\core\jackson-core\2.16.1\jackson-core-2.16.1.jar;C:\Users\Lenovo\.m2\repository\org\json\json\20240303\json-20240303.jar;C:\Users\Lenovo\.m2\repository\org\slf4j\slf4j-simple\2.0.12\slf4j-simple-2.0.12.jar;C:\Users\Lenovo\.m2\repository\junit\junit\4.13.2\junit-4.13.2.jar;C:\Users\Lenovo\.m2\repository\org\hamcrest\hamcrest-core\1.3\hamcrest-core-1.3.jar;C:\Users\Lenovo\.m2\repository\org\slf4j\slf4j-api\2.0.16\slf4j-api-2.0.16.jar;C:\Users\Lenovo\.m2\repository\ch\qos\logback\logback-classic\1.4.14\logback-classic-1.4.14.jar;C:\Users\Lenovo\.m2\repository\ch\qos\logback\logback-core\1.4.14\logback-core-1.4.14.jar;C:\Users\Lenovo\.m2\repository\net\masterthought\cucumber-reporting\5.9.0\cucumber-reporting-5.9.0.jar;C:\Users\Lenovo\.m2\repository\com\fasterxml\jackson\datatype\jackson-datatype-jsr310\2.18.3\jackson-datatype-jsr310-2.18.3.jar;C:\Users\Lenovo\.m2\repository\org\apache\velocity\velocity-engine-core\2.4.1\velocity-engine-core-2.4.1.jar;C:\Users\Lenovo\.m2\repository\joda-time\joda-time\2.13.1\joda-time-2.13.1.jar;C:\Users\Lenovo\.m2\repository\org\apache\commons\commons-configuration2\2.11.0\commons-configuration2-2.11.0.jar;C:\Users\Lenovo\.m2\repository\org\apache\commons\commons-lang3\3.17.0\commons-lang3-3.17.0.jar;C:\Users\Lenovo\.m2\repository\commons-io\commons-io\2.18.0\commons-io-2.18.0.jar;C:\Users\Lenovo\.m2\repository\org\apache\commons\commons-text\1.13.0\commons-text-1.13.0.jar;C:\Users\Lenovo\.m2\repository\org\jsoup\jsoup\1.20.1\jsoup-1.20.1.jar;C:\Users\Lenovo\.m2\repository\com\googlecode\owasp-java-html-sanitizer\owasp-java-html-sanitizer\20240325.1\owasp-java-html-sanitizer-20240325.1.jar;C:\Users\Lenovo\.m2\repository\com\googlecode\owasp-java-html-sanitizer\java8-shim\20240325.1\java8-shim-20240325.1.jar;C:\Users\Lenovo\.m2\repository\com\googlecode\owasp-java-html-sanitizer\java10-shim\20240325.1\java10-shim-20240325.1.jar;C:\Users\Lenovo\.m2\repository\org\slf4j\jcl-over-slf4j\2.0.17\jcl-over-slf4j-2.0.17.jar;"/>
    <property name="sun.cpu.endian" value="little"/>
    <property name="user.home" value="C:\Users\Lenovo"/>
    <property name="user.language" value="en"/>
    <property name="java.specification.vendor" value="Oracle Corporation"/>
    <property name="java.version.date" value="2024-03-19"/>
    <property name="java.home" value="C:\Users\Lenovo\.jdks\openjdk-22"/>
    <property name="file.separator" value="\"/>
    <property name="basedir" value="C:\Users\Lenovo\Downloads\ubs-analytics-validator (2)"/>
    <property name="java.vm.compressedOopsMode" value="Zero based"/>
    <property name="line.separator" value="&#10;"/>
    <property name="java.vm.specification.vendor" value="Oracle Corporation"/>
    <property name="java.specification.name" value="Java Platform API Specification"/>
    <property name="surefire.real.class.path" value="C:\Users\Lenovo\AppData\Local\Temp\surefire4821889160731538216\surefirebooter-20250629223413714_3.jar"/>
    <property name="user.script" value=""/>
    <property name="sun.management.compiler" value="HotSpot 64-Bit Tiered Compilers"/>
    <property name="java.runtime.version" value="22+36-2370"/>
    <property name="user.name" value="Lenovo"/>
    <property name="stdout.encoding" value="Cp1252"/>
    <property name="path.separator" value=";"/>
    <property name="os.version" value="10.0"/>
    <property name="java.runtime.name" value="OpenJDK Runtime Environment"/>
    <property name="file.encoding" value="UTF-8"/>
    <property name="java.vm.name" value="OpenJDK 64-Bit Server VM"/>
    <property name="localRepository" value="C:\Users\Lenovo\.m2\repository"/>
    <property name="java.vendor.url.bug" value="https://bugreport.java.com/bugreport/"/>
    <property name="java.io.tmpdir" value="C:\Users\Lenovo\AppData\Local\Temp\"/>
    <property name="idea.version" value="2025.1.1.1"/>
    <property name="java.version" value="22"/>
    <property name="user.dir" value="C:\Users\Lenovo\Downloads\ubs-analytics-validator (2)"/>
    <property name="os.arch" value="amd64"/>
    <property name="java.vm.specification.name" value="Java Virtual Machine Specification"/>
    <property name="sun.os.patch.level" value=""/>
    <property name="native.encoding" value="Cp1252"/>
    <property name="java.library.path" value="C:\Users\Lenovo\.jdks\openjdk-22\bin;C:\WINDOWS\Sun\Java\bin;C:\WINDOWS\system32;C:\WINDOWS;C:\Program Files (x86)\Common Files\Oracle\Java\javapath;C:\WINDOWS\system32;C:\WINDOWS;C:\WINDOWS\System32\Wbem;C:\WINDOWS\System32\WindowsPowerShell\v1.0\;C:\WINDOWS\System32\OpenSSH\;C:\Program Files\Git\cmd;C:\Users\Lenovo\AppData\Local\Programs\Python\Python313\Scripts\;C:\Users\Lenovo\AppData\Local\Programs\Python\Python313\;C:\Users\Lenovo\AppData\Local\Programs\Python\Launcher\;C:\Users\Lenovo\AppData\Local\Microsoft\WindowsApps;;."/>
    <property name="java.vm.info" value="mixed mode, sharing"/>
    <property name="stderr.encoding" value="Cp1252"/>
    <property name="java.vendor" value="Oracle Corporation"/>
    <property name="java.vm.version" value="22+36-2370"/>
    <property name="sun.io.unicode.encoding" value="UnicodeLittle"/>
    <property name="java.class.version" value="66.0"/>
  </properties>
  <testcase name="Validate analytics events triggered on page interaction" classname="Analytics validation on UBS wealth-management contact form" time="26.244">
    <system-out><![CDATA[
Scenario Outline: Validate analytics events triggered on page interaction # src/test/resources/features/analytics.feature:23
Captured payloads saved to target/pageLoad_apis.json
Page Load Time (ms): 2668
Form DOM Load Time (ms): 49
  Given I launch the UBS contact form page                                # stepdefs.AnalyticsSteps.openPage()
Captured XHR request to URL: https://analytics.ubs.com/b/ss/ubs-loglive/10/JS-2.27.0-LEWM/s05471449762729
payload==={"method":"POST","queryParams":{},"url":"https://analytics.ubs.com/b/ss/ubs-loglive/10/JS-2.27.0-LEWM/s05471449762729","timestamp":1751229262103}
Total captured API calls so far: 1
Captured XHR request to URL: https://analytics.ubs.com/b/ss/ubs-loglive/10/JS-2.27.0-LEWM/s07662327512066
payload==={"method":"POST","queryParams":{},"url":"https://analytics.ubs.com/b/ss/ubs-loglive/10/JS-2.27.0-LEWM/s07662327512066","timestamp":1751229264606}
Total captured API calls so far: 2
Captured payloads saved to target/pageLoad_apis.json
  And Accept the Cookies                                                  # stepdefs.AnalyticsSteps.acceptCookies()
Captured Script request to URL: https://analytics.ubs.com/b/ss/ubs-loglive/10/JS-2.27.0-LEWM/s02307392260342?AQB=1&ndh=1&pf=1&callback=s_c_il[1].doPostbacks&et=1&t=29%2F5%2F2025%2022%3A34%3A24%200%20-120&cid.&r_mid.&id=77077633088525909281932303162303294299&.r_mid&.cid&d.&nsid=0&jsonv=1&.d&ts=2025-06-29T20%3A34%3A24.603Z&mid=77077633088525909281932303162303294299&aamlh=6&ce=UTF-8&cl=31536000&g=https%3A%2F%2Fwww.ubs.com%2Fglobal%2Fen%2Fwealthmanagement%2Fconnect-with-us.html&c.&amcid=77077633088525909281932303162303294299&cm.&ssf=0&.cm&.c&h.&architecture=x86&bitness=64&platformVersion=19.0.0&.h&cc=USD&ch=global%3Aglobal%20wealth%20management&server=https%3A%2F%2Fwww.ubs.com&events=event193&c3=D%3Dv4&c4=D%3Dv5&v4=%2Fglobal%2Fen%2Fwealthmanagement%2Fconnect-with-us.html&c5=D%3Dv6&v5=global%3Aglobal%20wealth%20management&v6=%2Fwealthmanagement%2F&c9=D%3Dv9&v9=Mozilla%2F5.0%20%28Windows%20NT%2010.0%3B%20Win64%3B%20x64%29%20AppleWebKit%2F537.36%20%28KHTML%2C%20like%20Gecko%29%20Chrome%2F137.0.0.0%20Safari%2F537.36&c10=D%3Dv10&v10=external&v14=%2Fcontent%2Fsites%2Fglobal%2Fen%2Fwealthmanagement%2Fconnect-with-us&c16=D%3Dv17&c17=D%3Dv18&v17=default%20%7C%20light-mode&c18=D%3Dv14&v18=%2Fconf%2Fubs%2Fsettings%2Fwcm%2Ftemplates%2Fcontent&c19=D%3Dv19&v19=global&c20=D%3Dv20&v20=en&v33=corporate.functions&c34=D%3Dv33&v34=Global%20Wealth%20Management&c35=D%3Dv34&v43=Form%20Ready&c45=D%3Dv43&c51=D%3Dv53&v52=2025-06-12T12%3A23%3A48Z%20%7C%2011.47.9&v53=wealthmanagement%2Fconnect-with-us&c69=0-4-3-2-1&v70=77077633088525909281932303162303294299&v168=21740122&pe=lnk_o&pev2=Form%20Ready&s=1440x900&c=24&j=1.6&v=N&k=Y&bw=1037&bh=687&mcorgid=73FAC51D54C72AE50A4C98BC%40AdobeOrg&AQE=1
payload==={"method":"GET","queryParams":{"v6":"/wealthmanagement/","bitness":"64","v9":"Mozilla/5.0 (Windows NT 10.0; Win64; x64) AppleWebKit/537.36 (KHTML, like Gecko) Chrome/137.0.0.0 Safari/537.36","c35":"D=v34","jsonv":"1","c34":"D=v33","pev2":"Form Ready","ssf":"0","aamlh":"6","AQB":"1","v52":"2025-06-12T12:23:48Z | 11.47.9","nsid":"0","v10":"external","v53":"wealthmanagement/connect-with-us","AQE":"1","v14":"/content/sites/global/en/wealthmanagement/connect-with-us","id":"77077633088525909281932303162303294299","amcid":"77077633088525909281932303162303294299","v18":"/conf/ubs/settings/wcm/templates/content","v17":"default | light-mode","events":"event193","v19":"global","c45":"D=v43","et":"1","c3":"D=v4","c4":"D=v5","c5":"D=v6","v20":"en","c9":"D=v9","c51":"D=v53","server":"https://www.ubs.com","c10":"D=v10","bh":"687","c17":"D=v18","mid":"77077633088525909281932303162303294299","c16":"D=v17","c19":"D=v19","c18":"D=v14","v168":"21740122","v70":"77077633088525909281932303162303294299","bw":"1037","v34":"Global Wealth Management","platformVersion":"19.0.0","v33":"corporate.functions","architecture":"x86","cc":"USD","c20":"D=v20","mcorgid":"73FAC51D54C72AE50A4C98BC@AdobeOrg","ce":"UTF-8","c":"24","ch":"global:global wealth management","g":"https://www.ubs.com/global/en/wealthmanagement/connect-with-us.html","c69":"0-4-3-2-1","cl":"31536000","j":"1.6","k":"Y","ndh":"1","s":"1440x900","t":"29/5/2025 22:34:24 0 -120","v43":"Form Ready","pe":"lnk_o","pf":"1","v":"N","callback":"s_c_il[1].doPostbacks","v4":"/global/en/wealthmanagement/connect-with-us.html","ts":"2025-06-29T20:34:24.603Z","v5":"global:global wealth management"},"url":"https://analytics.ubs.com/b/ss/ubs-loglive/10/JS-2.27.0-LEWM/s02307392260342?AQB=1&ndh=1&pf=1&callback=s_c_il[1].doPostbacks&et=1&t=29%2F5%2F2025%2022%3A34%3A24%200%20-120&cid.&r_mid.&id=77077633088525909281932303162303294299&.r_mid&.cid&d.&nsid=0&jsonv=1&.d&ts=2025-06-29T20%3A34%3A24.603Z&mid=77077633088525909281932303162303294299&aamlh=6&ce=UTF-8&cl=31536000&g=https%3A%2F%2Fwww.ubs.com%2Fglobal%2Fen%2Fwealthmanagement%2Fconnect-with-us.html&c.&amcid=77077633088525909281932303162303294299&cm.&ssf=0&.cm&.c&h.&architecture=x86&bitness=64&platformVersion=19.0.0&.h&cc=USD&ch=global%3Aglobal%20wealth%20management&server=https%3A%2F%2Fwww.ubs.com&events=event193&c3=D%3Dv4&c4=D%3Dv5&v4=%2Fglobal%2Fen%2Fwealthmanagement%2Fconnect-with-us.html&c5=D%3Dv6&v5=global%3Aglobal%20wealth%20management&v6=%2Fwealthmanagement%2F&c9=D%3Dv9&v9=Mozilla%2F5.0%20%28Windows%20NT%2010.0%3B%20Win64%3B%20x64%29%20AppleWebKit%2F537.36%20%28KHTML%2C%20like%20Gecko%29%20Chrome%2F137.0.0.0%20Safari%2F537.36&c10=D%3Dv10&v10=external&v14=%2Fcontent%2Fsites%2Fglobal%2Fen%2Fwealthmanagement%2Fconnect-with-us&c16=D%3Dv17&c17=D%3Dv18&v17=default%20%7C%20light-mode&c18=D%3Dv14&v18=%2Fconf%2Fubs%2Fsettings%2Fwcm%2Ftemplates%2Fcontent&c19=D%3Dv19&v19=global&c20=D%3Dv20&v20=en&v33=corporate.functions&c34=D%3Dv33&v34=Global%20Wealth%20Management&c35=D%3Dv34&v43=Form%20Ready&c45=D%3Dv43&c51=D%3Dv53&v52=2025-06-12T12%3A23%3A48Z%20%7C%2011.47.9&v53=wealthmanagement%2Fconnect-with-us&c69=0-4-3-2-1&v70=77077633088525909281932303162303294299&v168=21740122&pe=lnk_o&pev2=Form%20Ready&s=1440x900&c=24&j=1.6&v=N&k=Y&bw=1037&bh=687&mcorgid=73FAC51D54C72AE50A4C98BC%40AdobeOrg&AQE=1","timestamp":1751229264708}
Total captured API calls so far: 3
Captured Script request to URL: https://analytics.ubs.com/b/ss/ubs-loglive/10/JS-2.27.0-LEWM/s04042894520447?AQB=1&ndh=1&pf=1&callback=s_c_il[1].doPostbacks&et=1&t=29%2F5%2F2025%2022%3A34%3A24%200%20-120&cid.&r_mid.&id=77077633088525909281932303162303294299&.r_mid&.cid&d.&nsid=0&jsonv=1&.d&ts=2025-06-29T20%3A34%3A24.795Z&mid=77077633088525909281932303162303294299&aamlh=6&ce=UTF-8&cl=31536000&g=https%3A%2F%2Fwww.ubs.com%2Fglobal%2Fen%2Fwealthmanagement%2Fconnect-with-us.html&c.&amcid=77077633088525909281932303162303294299&cm.&ssf=0&.cm&.c&h.&architecture=x86&bitness=64&platformVersion=19.0.0&.h&cc=USD&ch=global%3Aglobal%20wealth%20management&server=https%3A%2F%2Fwww.ubs.com&events=event13%2Cevent133&c3=D%3Dv4&c4=D%3Dv5&v4=%2Fglobal%2Fen%2Fwealthmanagement%2Fconnect-with-us.html&c5=D%3Dv6&v5=global%3Aglobal%20wealth%20management&v6=%2Fwealthmanagement%2F&c9=D%3Dv9&v9=Mozilla%2F5.0%20%28Windows%20NT%2010.0%3B%20Win64%3B%20x64%29%20AppleWebKit%2F537.36%20%28KHTML%2C%20like%20Gecko%29%20Chrome%2F137.0.0.0%20Safari%2F537.36&c10=D%3Dv10&v10=external&v14=%2Fcontent%2Fsites%2Fglobal%2Fen%2Fwealthmanagement%2Fconnect-with-us&c16=D%3Dv17&c17=D%3Dv18&v17=default%20%7C%20light-mode&c18=D%3Dv14&v18=%2Fconf%2Fubs%2Fsettings%2Fwcm%2Ftemplates%2Fcontent&c19=D%3Dv19&v19=global&c20=D%3Dv20&v20=en&v33=corporate.functions&c34=D%3Dv33&v34=Global%20Wealth%20Management&c35=D%3Dv34&v43=form%20start&c45=D%3Dv43&c51=D%3Dv53&v52=2025-06-12T12%3A23%3A48Z%20%7C%2011.47.9&v53=wealthmanagement%2Fconnect-with-us&c69=0-4-3-2-1&v70=77077633088525909281932303162303294299&v168=21740122%3A21739909&pe=lnk_o&pev2=Form%20Start&s=1440x900&c=24&j=1.6&v=N&k=Y&bw=1037&bh=687&mcorgid=73FAC51D54C72AE50A4C98BC%40AdobeOrg&lrt=100&AQE=1
payload==={"method":"GET","queryParams":{"v6":"/wealthmanagement/","bitness":"64","v9":"Mozilla/5.0 (Windows NT 10.0; Win64; x64) AppleWebKit/537.36 (KHTML, like Gecko) Chrome/137.0.0.0 Safari/537.36","c35":"D=v34","jsonv":"1","c34":"D=v33","pev2":"Form Start","ssf":"0","aamlh":"6","AQB":"1","v52":"2025-06-12T12:23:48Z | 11.47.9","nsid":"0","v10":"external","v53":"wealthmanagement/connect-with-us","AQE":"1","v14":"/content/sites/global/en/wealthmanagement/connect-with-us","id":"77077633088525909281932303162303294299","amcid":"77077633088525909281932303162303294299","v18":"/conf/ubs/settings/wcm/templates/content","v17":"default | light-mode","events":"event13,event133","v19":"global","c45":"D=v43","et":"1","lrt":"100","c3":"D=v4","c4":"D=v5","c5":"D=v6","v20":"en","c9":"D=v9","c51":"D=v53","server":"https://www.ubs.com","c10":"D=v10","bh":"687","c17":"D=v18","mid":"77077633088525909281932303162303294299","c16":"D=v17","c19":"D=v19","c18":"D=v14","v168":"21740122:21739909","v70":"77077633088525909281932303162303294299","bw":"1037","v34":"Global Wealth Management","platformVersion":"19.0.0","v33":"corporate.functions","architecture":"x86","cc":"USD","c20":"D=v20","mcorgid":"73FAC51D54C72AE50A4C98BC@AdobeOrg","ce":"UTF-8","c":"24","ch":"global:global wealth management","g":"https://www.ubs.com/global/en/wealthmanagement/connect-with-us.html","c69":"0-4-3-2-1","cl":"31536000","j":"1.6","k":"Y","ndh":"1","s":"1440x900","t":"29/5/2025 22:34:24 0 -120","v43":"form start","pe":"lnk_o","pf":"1","v":"N","callback":"s_c_il[1].doPostbacks","v4":"/global/en/wealthmanagement/connect-with-us.html","ts":"2025-06-29T20:34:24.795Z","v5":"global:global wealth management"},"url":"https://analytics.ubs.com/b/ss/ubs-loglive/10/JS-2.27.0-LEWM/s04042894520447?AQB=1&ndh=1&pf=1&callback=s_c_il[1].doPostbacks&et=1&t=29%2F5%2F2025%2022%3A34%3A24%200%20-120&cid.&r_mid.&id=77077633088525909281932303162303294299&.r_mid&.cid&d.&nsid=0&jsonv=1&.d&ts=2025-06-29T20%3A34%3A24.795Z&mid=77077633088525909281932303162303294299&aamlh=6&ce=UTF-8&cl=31536000&g=https%3A%2F%2Fwww.ubs.com%2Fglobal%2Fen%2Fwealthmanagement%2Fconnect-with-us.html&c.&amcid=77077633088525909281932303162303294299&cm.&ssf=0&.cm&.c&h.&architecture=x86&bitness=64&platformVersion=19.0.0&.h&cc=USD&ch=global%3Aglobal%20wealth%20management&server=https%3A%2F%2Fwww.ubs.com&events=event13%2Cevent133&c3=D%3Dv4&c4=D%3Dv5&v4=%2Fglobal%2Fen%2Fwealthmanagement%2Fconnect-with-us.html&c5=D%3Dv6&v5=global%3Aglobal%20wealth%20management&v6=%2Fwealthmanagement%2F&c9=D%3Dv9&v9=Mozilla%2F5.0%20%28Windows%20NT%2010.0%3B%20Win64%3B%20x64%29%20AppleWebKit%2F537.36%20%28KHTML%2C%20like%20Gecko%29%20Chrome%2F137.0.0.0%20Safari%2F537.36&c10=D%3Dv10&v10=external&v14=%2Fcontent%2Fsites%2Fglobal%2Fen%2Fwealthmanagement%2Fconnect-with-us&c16=D%3Dv17&c17=D%3Dv18&v17=default%20%7C%20light-mode&c18=D%3Dv14&v18=%2Fconf%2Fubs%2Fsettings%2Fwcm%2Ftemplates%2Fcontent&c19=D%3Dv19&v19=global&c20=D%3Dv20&v20=en&v33=corporate.functions&c34=D%3Dv33&v34=Global%20Wealth%20Management&c35=D%3Dv34&v43=form%20start&c45=D%3Dv43&c51=D%3Dv53&v52=2025-06-12T12%3A23%3A48Z%20%7C%2011.47.9&v53=wealthmanagement%2Fconnect-with-us&c69=0-4-3-2-1&v70=77077633088525909281932303162303294299&v168=21740122%3A21739909&pe=lnk_o&pev2=Form%20Start&s=1440x900&c=24&j=1.6&v=N&k=Y&bw=1037&bh=687&mcorgid=73FAC51D54C72AE50A4C98BC%40AdobeOrg&lrt=100&AQE=1","timestamp":1751229264807}
Total captured API calls so far: 4
Captured payloads saved to target/pageLoad_apis.json
  And Enter FirstName as "Test"                                           # stepdefs.AnalyticsSteps.firstName(java.lang.String)
Captured payloads saved to target/pageLoad_apis.json
  And Enter LastName                                                      # stepdefs.AnalyticsSteps.lastName()
Captured payloads saved to target/pageLoad_apis.json
  And select sfCollection                                                 # stepdefs.AnalyticsSteps.sfCollection()
Captured payloads saved to target/pageLoad_apis.json
  And Select phonePrefix                                                  # stepdefs.AnalyticsSteps.phonePrefix()
Captured payloads saved to target/pageLoad_apis.json
  And Enter Telephone                                                     # stepdefs.AnalyticsSteps.enterTelephone()
Captured payloads saved to target/pageLoad_apis.json
  And Enter email                                                         # stepdefs.AnalyticsSteps.enterEmail()
Captured XHR request to URL: https://analytics.ubs.com/b/ss/ubs-loglive/10/JS-2.27.0-LEWM/s0329021631484
payload==={"method":"POST","queryParams":{},"url":"https://analytics.ubs.com/b/ss/ubs-loglive/10/JS-2.27.0-LEWM/s0329021631484","timestamp":1751229275184}
Total captured API calls so far: 5
Captured Script request to URL: https://analytics.ubs.com/b/ss/ubs-loglive/10/JS-2.27.0-LEWM/s07878433594144?AQB=1&ndh=1&pf=1&callback=s_c_il[1].doPostbacks&et=1&t=29%2F5%2F2025%2022%3A34%3A35%200%20-120&cid.&r_mid.&id=77077633088525909281932303162303294299&.r_mid&.cid&d.&nsid=0&jsonv=1&.d&ts=2025-06-29T20%3A34%3A35.180Z&mid=77077633088525909281932303162303294299&aamlh=6&ce=UTF-8&cl=31536000&g=https%3A%2F%2Fwww.ubs.com%2Fglobal%2Fen%2Fwealthmanagement%2Fconnect-with-us.html&c.&amcid=77077633088525909281932303162303294299&cm.&ssf=0&.cm&.c&h.&architecture=x86&bitness=64&platformVersion=19.0.0&.h&cc=USD&ch=global%3Aglobal%20wealth%20management&server=https%3A%2F%2Fwww.ubs.com&events=event15&c3=D%3Dv4&c4=D%3Dv5&v4=%2Fglobal%2Fen%2Fwealthmanagement%2Fconnect-with-us.html&c5=D%3Dv6&v5=global%3Aglobal%20wealth%20management&v6=%2Fwealthmanagement%2F&c9=D%3Dv9&v9=Mozilla%2F5.0%20%28Windows%20NT%2010.0%3B%20Win64%3B%20x64%29%20AppleWebKit%2F537.36%20%28KHTML%2C%20like%20Gecko%29%20Chrome%2F137.0.0.0%20Safari%2F537.36&c10=D%3Dv10&v10=external&v14=%2Fcontent%2Fsites%2Fglobal%2Fen%2Fwealthmanagement%2Fconnect-with-us&c16=D%3Dv17&c17=D%3Dv18&v17=default%20%7C%20light-mode&c18=D%3Dv14&v18=%2Fconf%2Fubs%2Fsettings%2Fwcm%2Ftemplates%2Fcontent&c19=D%3Dv19&v19=global&c20=D%3Dv20&v20=en&v33=corporate.functions&c34=D%3Dv33&v34=Global%20Wealth%20Management&c35=D%3Dv34&v41=Without%20your%20consent%20we%20are%20not%20able%20to%20process%20your%20personal%20data%20for%20the%20purposes%20stated%20above.&v42=confirmation_159246120%20%281-14%29&c43=D%3Dv41&v43=form%20error&c44=D%3Dv42&c45=D%3Dv43&c51=D%3Dv53&v52=2025-06-12T12%3A23%3A48Z%20%7C%2011.47.9&v53=wealthmanagement%2Fconnect-with-us&c69=0-4-3-2-1&v70=77077633088525909281932303162303294299&v168=21740122%3A21740132%3A21739909&pe=lnk_o&pev2=Form%20Error&s=1440x900&c=24&j=1.6&v=N&k=Y&bw=1037&bh=687&mcorgid=73FAC51D54C72AE50A4C98BC%40AdobeOrg&AQE=1
payload==={"method":"GET","queryParams":{"v6":"/wealthmanagement/","bitness":"64","v9":"Mozilla/5.0 (Windows NT 10.0; Win64; x64) AppleWebKit/537.36 (KHTML, like Gecko) Chrome/137.0.0.0 Safari/537.36","c35":"D=v34","jsonv":"1","c34":"D=v33","pev2":"Form Error","ssf":"0","aamlh":"6","AQB":"1","v52":"2025-06-12T12:23:48Z | 11.47.9","nsid":"0","v10":"external","v53":"wealthmanagement/connect-with-us","AQE":"1","v14":"/content/sites/global/en/wealthmanagement/connect-with-us","id":"77077633088525909281932303162303294299","amcid":"77077633088525909281932303162303294299","v18":"/conf/ubs/settings/wcm/templates/content","v17":"default | light-mode","events":"event15","v19":"global","c44":"D=v42","c43":"D=v41","c45":"D=v43","et":"1","c3":"D=v4","c4":"D=v5","c5":"D=v6","v20":"en","c9":"D=v9","c51":"D=v53","server":"https://www.ubs.com","c10":"D=v10","bh":"687","c17":"D=v18","mid":"77077633088525909281932303162303294299","c16":"D=v17","c19":"D=v19","c18":"D=v14","v168":"21740122:21740132:21739909","v70":"77077633088525909281932303162303294299","bw":"1037","v34":"Global Wealth Management","platformVersion":"19.0.0","v33":"corporate.functions","architecture":"x86","cc":"USD","c20":"D=v20","mcorgid":"73FAC51D54C72AE50A4C98BC@AdobeOrg","ce":"UTF-8","c":"24","ch":"global:global wealth management","g":"https://www.ubs.com/global/en/wealthmanagement/connect-with-us.html","c69":"0-4-3-2-1","cl":"31536000","j":"1.6","k":"Y","v41":"Without your consent we are not able to process your personal data for the purposes stated above.","ndh":"1","s":"1440x900","t":"29/5/2025 22:34:35 0 -120","v43":"form error","v42":"confirmation_159246120 (1-14)","pe":"lnk_o","pf":"1","v":"N","callback":"s_c_il[1].doPostbacks","v4":"/global/en/wealthmanagement/connect-with-us.html","ts":"2025-06-29T20:34:35.180Z","v5":"global:global wealth management"},"url":"https://analytics.ubs.com/b/ss/ubs-loglive/10/JS-2.27.0-LEWM/s07878433594144?AQB=1&ndh=1&pf=1&callback=s_c_il[1].doPostbacks&et=1&t=29%2F5%2F2025%2022%3A34%3A35%200%20-120&cid.&r_mid.&id=77077633088525909281932303162303294299&.r_mid&.cid&d.&nsid=0&jsonv=1&.d&ts=2025-06-29T20%3A34%3A35.180Z&mid=77077633088525909281932303162303294299&aamlh=6&ce=UTF-8&cl=31536000&g=https%3A%2F%2Fwww.ubs.com%2Fglobal%2Fen%2Fwealthmanagement%2Fconnect-with-us.html&c.&amcid=77077633088525909281932303162303294299&cm.&ssf=0&.cm&.c&h.&architecture=x86&bitness=64&platformVersion=19.0.0&.h&cc=USD&ch=global%3Aglobal%20wealth%20management&server=https%3A%2F%2Fwww.ubs.com&events=event15&c3=D%3Dv4&c4=D%3Dv5&v4=%2Fglobal%2Fen%2Fwealthmanagement%2Fconnect-with-us.html&c5=D%3Dv6&v5=global%3Aglobal%20wealth%20management&v6=%2Fwealthmanagement%2F&c9=D%3Dv9&v9=Mozilla%2F5.0%20%28Windows%20NT%2010.0%3B%20Win64%3B%20x64%29%20AppleWebKit%2F537.36%20%28KHTML%2C%20like%20Gecko%29%20Chrome%2F137.0.0.0%20Safari%2F537.36&c10=D%3Dv10&v10=external&v14=%2Fcontent%2Fsites%2Fglobal%2Fen%2Fwealthmanagement%2Fconnect-with-us&c16=D%3Dv17&c17=D%3Dv18&v17=default%20%7C%20light-mode&c18=D%3Dv14&v18=%2Fconf%2Fubs%2Fsettings%2Fwcm%2Ftemplates%2Fcontent&c19=D%3Dv19&v19=global&c20=D%3Dv20&v20=en&v33=corporate.functions&c34=D%3Dv33&v34=Global%20Wealth%20Management&c35=D%3Dv34&v41=Without%20your%20consent%20we%20are%20not%20able%20to%20process%20your%20personal%20data%20for%20the%20purposes%20stated%20above.&v42=confirmation_159246120%20%281-14%29&c43=D%3Dv41&v43=form%20error&c44=D%3Dv42&c45=D%3Dv43&c51=D%3Dv53&v52=2025-06-12T12%3A23%3A48Z%20%7C%2011.47.9&v53=wealthmanagement%2Fconnect-with-us&c69=0-4-3-2-1&v70=77077633088525909281932303162303294299&v168=21740122%3A21740132%3A21739909&pe=lnk_o&pev2=Form%20Error&s=1440x900&c=24&j=1.6&v=N&k=Y&bw=1037&bh=687&mcorgid=73FAC51D54C72AE50A4C98BC%40AdobeOrg&AQE=1","timestamp":1751229275272}
Total captured API calls so far: 6
Captured payloads saved to target/pageLoad_apis.json
Captured Script request to URL: https://analytics.ubs.com/b/ss/ubs-loglive/10/JS-2.27.0-LEWM/s04548876048699?AQB=1&ndh=1&pf=1&callback=s_c_il[1].doPostbacks&et=1&t=29%2F5%2F2025%2022%3A34%3A37%200%20-120&cid.&r_mid.&id=77077633088525909281932303162303294299&.r_mid&.cid&d.&nsid=0&jsonv=1&.d&ts=2025-06-29T20%3A34%3A37.849Z&mid=77077633088525909281932303162303294299&aamlh=6&ce=UTF-8&cl=31536000&g=https%3A%2F%2Fwww.ubs.com%2Fglobal%2Fen%2Fwealthmanagement%2Fconnect-with-us.html&c.&amcid=77077633088525909281932303162303294299&cm.&ssf=0&.cm&.c&h.&architecture=x86&bitness=64&platformVersion=19.0.0&.h&cc=USD&ch=global%3Aglobal%20wealth%20management&server=https%3A%2F%2Fwww.ubs.com&events=event157&c3=D%3Dv4&c4=D%3Dv5&v4=%2Fglobal%2Fen%2Fwealthmanagement%2Fconnect-with-us.html&c5=D%3Dv6&v5=global%3Aglobal%20wealth%20management&v6=%2Fwealthmanagement%2F&c9=D%3Dv9&v9=Mozilla%2F5.0%20%28Windows%20NT%2010.0%3B%20Win64%3B%20x64%29%20AppleWebKit%2F537.36%20%28KHTML%2C%20like%20Gecko%29%20Chrome%2F137.0.0.0%20Safari%2F537.36&c10=D%3Dv10&v10=external&v14=%2Fcontent%2Fsites%2Fglobal%2Fen%2Fwealthmanagement%2Fconnect-with-us&c16=D%3Dv17&c17=D%3Dv18&v17=default%20%7C%20light-mode&c18=D%3Dv14&v18=%2Fconf%2Fubs%2Fsettings%2Fwcm%2Ftemplates%2Fcontent&c19=D%3Dv19&v19=global&c20=D%3Dv20&v20=en&v33=corporate.functions&c34=D%3Dv33&v34=Global%20Wealth%20Management&c35=D%3Dv34&v43=form%20start&c45=D%3Dv43&c51=D%3Dv53&v52=2025-06-12T12%3A23%3A48Z%20%7C%2011.47.9&v53=wealthmanagement%2Fconnect-with-us&c63=D%3Dv91&c64=D%3Dv92&c69=0-4-3-2-1&v70=77077633088525909281932303162303294299&v168=21740122%3A21740132%3A21739909&pe=lnk_o&pev2=Quality%20Form%20Start&s=1440x900&c=24&j=1.6&v=N&k=Y&bw=1037&bh=687&mcorgid=73FAC51D54C72AE50A4C98BC%40AdobeOrg&lrt=94&AQE=1
payload==={"method":"GET","queryParams":{"v6":"/wealthmanagement/","bitness":"64","v9":"Mozilla/5.0 (Windows NT 10.0; Win64; x64) AppleWebKit/537.36 (KHTML, like Gecko) Chrome/137.0.0.0 Safari/537.36","c35":"D=v34","jsonv":"1","c34":"D=v33","pev2":"Quality Form Start","ssf":"0","aamlh":"6","AQB":"1","v52":"2025-06-12T12:23:48Z | 11.47.9","nsid":"0","v10":"external","v53":"wealthmanagement/connect-with-us","AQE":"1","v14":"/content/sites/global/en/wealthmanagement/connect-with-us","id":"77077633088525909281932303162303294299","amcid":"77077633088525909281932303162303294299","v18":"/conf/ubs/settings/wcm/templates/content","v17":"default | light-mode","events":"event157","v19":"global","c45":"D=v43","et":"1","lrt":"94","c3":"D=v4","c4":"D=v5","c5":"D=v6","v20":"en","c9":"D=v9","c51":"D=v53","server":"https://www.ubs.com","c10":"D=v10","bh":"687","c17":"D=v18","mid":"77077633088525909281932303162303294299","c16":"D=v17","c19":"D=v19","c18":"D=v14","v168":"21740122:21740132:21739909","v70":"77077633088525909281932303162303294299","bw":"1037","v34":"Global Wealth Management","platformVersion":"19.0.0","v33":"corporate.functions","architecture":"x86","cc":"USD","c20":"D=v20","c64":"D=v92","c63":"D=v91","mcorgid":"73FAC51D54C72AE50A4C98BC@AdobeOrg","ce":"UTF-8","c":"24","ch":"global:global wealth management","g":"https://www.ubs.com/global/en/wealthmanagement/connect-with-us.html","c69":"0-4-3-2-1","cl":"31536000","j":"1.6","k":"Y","ndh":"1","s":"1440x900","t":"29/5/2025 22:34:37 0 -120","v43":"form start","pe":"lnk_o","pf":"1","v":"N","callback":"s_c_il[1].doPostbacks","v4":"/global/en/wealthmanagement/connect-with-us.html","ts":"2025-06-29T20:34:37.849Z","v5":"global:global wealth management"},"url":"https://analytics.ubs.com/b/ss/ubs-loglive/10/JS-2.27.0-LEWM/s04548876048699?AQB=1&ndh=1&pf=1&callback=s_c_il[1].doPostbacks&et=1&t=29%2F5%2F2025%2022%3A34%3A37%200%20-120&cid.&r_mid.&id=77077633088525909281932303162303294299&.r_mid&.cid&d.&nsid=0&jsonv=1&.d&ts=2025-06-29T20%3A34%3A37.849Z&mid=77077633088525909281932303162303294299&aamlh=6&ce=UTF-8&cl=31536000&g=https%3A%2F%2Fwww.ubs.com%2Fglobal%2Fen%2Fwealthmanagement%2Fconnect-with-us.html&c.&amcid=77077633088525909281932303162303294299&cm.&ssf=0&.cm&.c&h.&architecture=x86&bitness=64&platformVersion=19.0.0&.h&cc=USD&ch=global%3Aglobal%20wealth%20management&server=https%3A%2F%2Fwww.ubs.com&events=event157&c3=D%3Dv4&c4=D%3Dv5&v4=%2Fglobal%2Fen%2Fwealthmanagement%2Fconnect-with-us.html&c5=D%3Dv6&v5=global%3Aglobal%20wealth%20management&v6=%2Fwealthmanagement%2F&c9=D%3Dv9&v9=Mozilla%2F5.0%20%28Windows%20NT%2010.0%3B%20Win64%3B%20x64%29%20AppleWebKit%2F537.36%20%28KHTML%2C%20like%20Gecko%29%20Chrome%2F137.0.0.0%20Safari%2F537.36&c10=D%3Dv10&v10=external&v14=%2Fcontent%2Fsites%2Fglobal%2Fen%2Fwealthmanagement%2Fconnect-with-us&c16=D%3Dv17&c17=D%3Dv18&v17=default%20%7C%20light-mode&c18=D%3Dv14&v18=%2Fconf%2Fubs%2Fsettings%2Fwcm%2Ftemplates%2Fcontent&c19=D%3Dv19&v19=global&c20=D%3Dv20&v20=en&v33=corporate.functions&c34=D%3Dv33&v34=Global%20Wealth%20Management&c35=D%3Dv34&v43=form%20start&c45=D%3Dv43&c51=D%3Dv53&v52=2025-06-12T12%3A23%3A48Z%20%7C%2011.47.9&v53=wealthmanagement%2Fconnect-with-us&c63=D%3Dv91&c64=D%3Dv92&c69=0-4-3-2-1&v70=77077633088525909281932303162303294299&v168=21740122%3A21740132%3A21739909&pe=lnk_o&pev2=Quality%20Form%20Start&s=1440x900&c=24&j=1.6&v=N&k=Y&bw=1037&bh=687&mcorgid=73FAC51D54C72AE50A4C98BC%40AdobeOrg&lrt=94&AQE=1","timestamp":1751229277869}
Total captured API calls so far: 7
  And Click on Submit Button                                              # stepdefs.AnalyticsSteps.submitButton()
Captured payloads saved to target/pageLoad_apis.json
  And Select region                                                       # stepdefs.AnalyticsSteps.selectRegion()
✅ All expected Adobe Analytics events were found: [event193]
  Then I should see expected Adobe Analytics events "event193"            # stepdefs.AnalyticsSteps.validateAnalytics(java.lang.String)
✅ All expected Adobe Analytics events were found: [event133, event13]
  Then I should see expected Adobe Analytics events "event13,event133"    # stepdefs.AnalyticsSteps.validateAnalytics(java.lang.String)
✅ All expected Adobe Analytics events were found: [event157]
  Then I should see expected Adobe Analytics events "event157"            # stepdefs.AnalyticsSteps.validateAnalytics(java.lang.String)
✅ All expected Adobe Analytics events were found: [event15]
  Then I should see expected Adobe Analytics events "event15"             # stepdefs.AnalyticsSteps.validateAnalytics(java.lang.String)
✅ Chart saved as: api_calls_chart.jpeg
  Then generateReport                                                     # stepdefs.AnalyticsSteps.generateReport()
]]></system-out>
    <system-err><![CDATA[Jun 29, 2025 10:34:17 PM org.openqa.selenium.devtools.CdpVersionFinder findNearestMatch
WARNING: Unable to find an exact match for CDP version 137, returning the closest version; found: 136; Please update to a Selenium version that supports CDP version 137
SLF4J(W): Class path contains multiple SLF4J providers.
SLF4J(W): Found provider [org.slf4j.simple.SimpleServiceProvider@4bd2f0dc]
SLF4J(W): Found provider [ch.qos.logback.classic.spi.LogbackServiceProvider@2e647e59]
SLF4J(W): See https://www.slf4j.org/codes.html#multiple_bindings for an explanation.
SLF4J(I): Actual provider is of type [org.slf4j.simple.SimpleServiceProvider@4bd2f0dc]
[CDP Connection] INFO utils.DevToolsInterceptor - Captured XHR request to URL: https://analytics.ubs.com/b/ss/ubs-loglive/10/JS-2.27.0-LEWM/s05471449762729
[CDP Connection] INFO utils.DevToolsInterceptor - payload==={"method":"POST","queryParams":{},"url":"https://analytics.ubs.com/b/ss/ubs-loglive/10/JS-2.27.0-LEWM/s05471449762729","timestamp":1751229262103}
[CDP Connection] INFO utils.DevToolsInterceptor - Captured XHR request to URL: https://analytics.ubs.com/b/ss/ubs-loglive/10/JS-2.27.0-LEWM/s07662327512066
[CDP Connection] INFO utils.DevToolsInterceptor - payload==={"method":"POST","queryParams":{},"url":"https://analytics.ubs.com/b/ss/ubs-loglive/10/JS-2.27.0-LEWM/s07662327512066","timestamp":1751229264606}
[CDP Connection] INFO utils.DevToolsInterceptor - Captured Script request to URL: https://analytics.ubs.com/b/ss/ubs-loglive/10/JS-2.27.0-LEWM/s02307392260342?AQB=1&ndh=1&pf=1&callback=s_c_il[1].doPostbacks&et=1&t=29%2F5%2F2025%2022%3A34%3A24%200%20-120&cid.&r_mid.&id=77077633088525909281932303162303294299&.r_mid&.cid&d.&nsid=0&jsonv=1&.d&ts=2025-06-29T20%3A34%3A24.603Z&mid=77077633088525909281932303162303294299&aamlh=6&ce=UTF-8&cl=31536000&g=https%3A%2F%2Fwww.ubs.com%2Fglobal%2Fen%2Fwealthmanagement%2Fconnect-with-us.html&c.&amcid=77077633088525909281932303162303294299&cm.&ssf=0&.cm&.c&h.&architecture=x86&bitness=64&platformVersion=19.0.0&.h&cc=USD&ch=global%3Aglobal%20wealth%20management&server=https%3A%2F%2Fwww.ubs.com&events=event193&c3=D%3Dv4&c4=D%3Dv5&v4=%2Fglobal%2Fen%2Fwealthmanagement%2Fconnect-with-us.html&c5=D%3Dv6&v5=global%3Aglobal%20wealth%20management&v6=%2Fwealthmanagement%2F&c9=D%3Dv9&v9=Mozilla%2F5.0%20%28Windows%20NT%2010.0%3B%20Win64%3B%20x64%29%20AppleWebKit%2F537.36%20%28KHTML%2C%20like%20Gecko%29%20Chrome%2F137.0.0.0%20Safari%2F537.36&c10=D%3Dv10&v10=external&v14=%2Fcontent%2Fsites%2Fglobal%2Fen%2Fwealthmanagement%2Fconnect-with-us&c16=D%3Dv17&c17=D%3Dv18&v17=default%20%7C%20light-mode&c18=D%3Dv14&v18=%2Fconf%2Fubs%2Fsettings%2Fwcm%2Ftemplates%2Fcontent&c19=D%3Dv19&v19=global&c20=D%3Dv20&v20=en&v33=corporate.functions&c34=D%3Dv33&v34=Global%20Wealth%20Management&c35=D%3Dv34&v43=Form%20Ready&c45=D%3Dv43&c51=D%3Dv53&v52=2025-06-12T12%3A23%3A48Z%20%7C%2011.47.9&v53=wealthmanagement%2Fconnect-with-us&c69=0-4-3-2-1&v70=77077633088525909281932303162303294299&v168=21740122&pe=lnk_o&pev2=Form%20Ready&s=1440x900&c=24&j=1.6&v=N&k=Y&bw=1037&bh=687&mcorgid=73FAC51D54C72AE50A4C98BC%40AdobeOrg&AQE=1
[CDP Connection] INFO utils.DevToolsInterceptor - payload==={"method":"GET","queryParams":{"v6":"/wealthmanagement/","bitness":"64","v9":"Mozilla/5.0 (Windows NT 10.0; Win64; x64) AppleWebKit/537.36 (KHTML, like Gecko) Chrome/137.0.0.0 Safari/537.36","c35":"D=v34","jsonv":"1","c34":"D=v33","pev2":"Form Ready","ssf":"0","aamlh":"6","AQB":"1","v52":"2025-06-12T12:23:48Z | 11.47.9","nsid":"0","v10":"external","v53":"wealthmanagement/connect-with-us","AQE":"1","v14":"/content/sites/global/en/wealthmanagement/connect-with-us","id":"77077633088525909281932303162303294299","amcid":"77077633088525909281932303162303294299","v18":"/conf/ubs/settings/wcm/templates/content","v17":"default | light-mode","events":"event193","v19":"global","c45":"D=v43","et":"1","c3":"D=v4","c4":"D=v5","c5":"D=v6","v20":"en","c9":"D=v9","c51":"D=v53","server":"https://www.ubs.com","c10":"D=v10","bh":"687","c17":"D=v18","mid":"77077633088525909281932303162303294299","c16":"D=v17","c19":"D=v19","c18":"D=v14","v168":"21740122","v70":"77077633088525909281932303162303294299","bw":"1037","v34":"Global Wealth Management","platformVersion":"19.0.0","v33":"corporate.functions","architecture":"x86","cc":"USD","c20":"D=v20","mcorgid":"73FAC51D54C72AE50A4C98BC@AdobeOrg","ce":"UTF-8","c":"24","ch":"global:global wealth management","g":"https://www.ubs.com/global/en/wealthmanagement/connect-with-us.html","c69":"0-4-3-2-1","cl":"31536000","j":"1.6","k":"Y","ndh":"1","s":"1440x900","t":"29/5/2025 22:34:24 0 -120","v43":"Form Ready","pe":"lnk_o","pf":"1","v":"N","callback":"s_c_il[1].doPostbacks","v4":"/global/en/wealthmanagement/connect-with-us.html","ts":"2025-06-29T20:34:24.603Z","v5":"global:global wealth management"},"url":"https://analytics.ubs.com/b/ss/ubs-loglive/10/JS-2.27.0-LEWM/s02307392260342?AQB=1&ndh=1&pf=1&callback=s_c_il[1].doPostbacks&et=1&t=29%2F5%2F2025%2022%3A34%3A24%200%20-120&cid.&r_mid.&id=77077633088525909281932303162303294299&.r_mid&.cid&d.&nsid=0&jsonv=1&.d&ts=2025-06-29T20%3A34%3A24.603Z&mid=77077633088525909281932303162303294299&aamlh=6&ce=UTF-8&cl=31536000&g=https%3A%2F%2Fwww.ubs.com%2Fglobal%2Fen%2Fwealthmanagement%2Fconnect-with-us.html&c.&amcid=77077633088525909281932303162303294299&cm.&ssf=0&.cm&.c&h.&architecture=x86&bitness=64&platformVersion=19.0.0&.h&cc=USD&ch=global%3Aglobal%20wealth%20management&server=https%3A%2F%2Fwww.ubs.com&events=event193&c3=D%3Dv4&c4=D%3Dv5&v4=%2Fglobal%2Fen%2Fwealthmanagement%2Fconnect-with-us.html&c5=D%3Dv6&v5=global%3Aglobal%20wealth%20management&v6=%2Fwealthmanagement%2F&c9=D%3Dv9&v9=Mozilla%2F5.0%20%28Windows%20NT%2010.0%3B%20Win64%3B%20x64%29%20AppleWebKit%2F537.36%20%28KHTML%2C%20like%20Gecko%29%20Chrome%2F137.0.0.0%20Safari%2F537.36&c10=D%3Dv10&v10=external&v14=%2Fcontent%2Fsites%2Fglobal%2Fen%2Fwealthmanagement%2Fconnect-with-us&c16=D%3Dv17&c17=D%3Dv18&v17=default%20%7C%20light-mode&c18=D%3Dv14&v18=%2Fconf%2Fubs%2Fsettings%2Fwcm%2Ftemplates%2Fcontent&c19=D%3Dv19&v19=global&c20=D%3Dv20&v20=en&v33=corporate.functions&c34=D%3Dv33&v34=Global%20Wealth%20Management&c35=D%3Dv34&v43=Form%20Ready&c45=D%3Dv43&c51=D%3Dv53&v52=2025-06-12T12%3A23%3A48Z%20%7C%2011.47.9&v53=wealthmanagement%2Fconnect-with-us&c69=0-4-3-2-1&v70=77077633088525909281932303162303294299&v168=21740122&pe=lnk_o&pev2=Form%20Ready&s=1440x900&c=24&j=1.6&v=N&k=Y&bw=1037&bh=687&mcorgid=73FAC51D54C72AE50A4C98BC%40AdobeOrg&AQE=1","timestamp":1751229264708}
[CDP Connection] INFO utils.DevToolsInterceptor - Captured Script request to URL: https://analytics.ubs.com/b/ss/ubs-loglive/10/JS-2.27.0-LEWM/s04042894520447?AQB=1&ndh=1&pf=1&callback=s_c_il[1].doPostbacks&et=1&t=29%2F5%2F2025%2022%3A34%3A24%200%20-120&cid.&r_mid.&id=77077633088525909281932303162303294299&.r_mid&.cid&d.&nsid=0&jsonv=1&.d&ts=2025-06-29T20%3A34%3A24.795Z&mid=77077633088525909281932303162303294299&aamlh=6&ce=UTF-8&cl=31536000&g=https%3A%2F%2Fwww.ubs.com%2Fglobal%2Fen%2Fwealthmanagement%2Fconnect-with-us.html&c.&amcid=77077633088525909281932303162303294299&cm.&ssf=0&.cm&.c&h.&architecture=x86&bitness=64&platformVersion=19.0.0&.h&cc=USD&ch=global%3Aglobal%20wealth%20management&server=https%3A%2F%2Fwww.ubs.com&events=event13%2Cevent133&c3=D%3Dv4&c4=D%3Dv5&v4=%2Fglobal%2Fen%2Fwealthmanagement%2Fconnect-with-us.html&c5=D%3Dv6&v5=global%3Aglobal%20wealth%20management&v6=%2Fwealthmanagement%2F&c9=D%3Dv9&v9=Mozilla%2F5.0%20%28Windows%20NT%2010.0%3B%20Win64%3B%20x64%29%20AppleWebKit%2F537.36%20%28KHTML%2C%20like%20Gecko%29%20Chrome%2F137.0.0.0%20Safari%2F537.36&c10=D%3Dv10&v10=external&v14=%2Fcontent%2Fsites%2Fglobal%2Fen%2Fwealthmanagement%2Fconnect-with-us&c16=D%3Dv17&c17=D%3Dv18&v17=default%20%7C%20light-mode&c18=D%3Dv14&v18=%2Fconf%2Fubs%2Fsettings%2Fwcm%2Ftemplates%2Fcontent&c19=D%3Dv19&v19=global&c20=D%3Dv20&v20=en&v33=corporate.functions&c34=D%3Dv33&v34=Global%20Wealth%20Management&c35=D%3Dv34&v43=form%20start&c45=D%3Dv43&c51=D%3Dv53&v52=2025-06-12T12%3A23%3A48Z%20%7C%2011.47.9&v53=wealthmanagement%2Fconnect-with-us&c69=0-4-3-2-1&v70=77077633088525909281932303162303294299&v168=21740122%3A21739909&pe=lnk_o&pev2=Form%20Start&s=1440x900&c=24&j=1.6&v=N&k=Y&bw=1037&bh=687&mcorgid=73FAC51D54C72AE50A4C98BC%40AdobeOrg&lrt=100&AQE=1
[CDP Connection] INFO utils.DevToolsInterceptor - payload==={"method":"GET","queryParams":{"v6":"/wealthmanagement/","bitness":"64","v9":"Mozilla/5.0 (Windows NT 10.0; Win64; x64) AppleWebKit/537.36 (KHTML, like Gecko) Chrome/137.0.0.0 Safari/537.36","c35":"D=v34","jsonv":"1","c34":"D=v33","pev2":"Form Start","ssf":"0","aamlh":"6","AQB":"1","v52":"2025-06-12T12:23:48Z | 11.47.9","nsid":"0","v10":"external","v53":"wealthmanagement/connect-with-us","AQE":"1","v14":"/content/sites/global/en/wealthmanagement/connect-with-us","id":"77077633088525909281932303162303294299","amcid":"77077633088525909281932303162303294299","v18":"/conf/ubs/settings/wcm/templates/content","v17":"default | light-mode","events":"event13,event133","v19":"global","c45":"D=v43","et":"1","lrt":"100","c3":"D=v4","c4":"D=v5","c5":"D=v6","v20":"en","c9":"D=v9","c51":"D=v53","server":"https://www.ubs.com","c10":"D=v10","bh":"687","c17":"D=v18","mid":"77077633088525909281932303162303294299","c16":"D=v17","c19":"D=v19","c18":"D=v14","v168":"21740122:21739909","v70":"77077633088525909281932303162303294299","bw":"1037","v34":"Global Wealth Management","platformVersion":"19.0.0","v33":"corporate.functions","architecture":"x86","cc":"USD","c20":"D=v20","mcorgid":"73FAC51D54C72AE50A4C98BC@AdobeOrg","ce":"UTF-8","c":"24","ch":"global:global wealth management","g":"https://www.ubs.com/global/en/wealthmanagement/connect-with-us.html","c69":"0-4-3-2-1","cl":"31536000","j":"1.6","k":"Y","ndh":"1","s":"1440x900","t":"29/5/2025 22:34:24 0 -120","v43":"form start","pe":"lnk_o","pf":"1","v":"N","callback":"s_c_il[1].doPostbacks","v4":"/global/en/wealthmanagement/connect-with-us.html","ts":"2025-06-29T20:34:24.795Z","v5":"global:global wealth management"},"url":"https://analytics.ubs.com/b/ss/ubs-loglive/10/JS-2.27.0-LEWM/s04042894520447?AQB=1&ndh=1&pf=1&callback=s_c_il[1].doPostbacks&et=1&t=29%2F5%2F2025%2022%3A34%3A24%200%20-120&cid.&r_mid.&id=77077633088525909281932303162303294299&.r_mid&.cid&d.&nsid=0&jsonv=1&.d&ts=2025-06-29T20%3A34%3A24.795Z&mid=77077633088525909281932303162303294299&aamlh=6&ce=UTF-8&cl=31536000&g=https%3A%2F%2Fwww.ubs.com%2Fglobal%2Fen%2Fwealthmanagement%2Fconnect-with-us.html&c.&amcid=77077633088525909281932303162303294299&cm.&ssf=0&.cm&.c&h.&architecture=x86&bitness=64&platformVersion=19.0.0&.h&cc=USD&ch=global%3Aglobal%20wealth%20management&server=https%3A%2F%2Fwww.ubs.com&events=event13%2Cevent133&c3=D%3Dv4&c4=D%3Dv5&v4=%2Fglobal%2Fen%2Fwealthmanagement%2Fconnect-with-us.html&c5=D%3Dv6&v5=global%3Aglobal%20wealth%20management&v6=%2Fwealthmanagement%2F&c9=D%3Dv9&v9=Mozilla%2F5.0%20%28Windows%20NT%2010.0%3B%20Win64%3B%20x64%29%20AppleWebKit%2F537.36%20%28KHTML%2C%20like%20Gecko%29%20Chrome%2F137.0.0.0%20Safari%2F537.36&c10=D%3Dv10&v10=external&v14=%2Fcontent%2Fsites%2Fglobal%2Fen%2Fwealthmanagement%2Fconnect-with-us&c16=D%3Dv17&c17=D%3Dv18&v17=default%20%7C%20light-mode&c18=D%3Dv14&v18=%2Fconf%2Fubs%2Fsettings%2Fwcm%2Ftemplates%2Fcontent&c19=D%3Dv19&v19=global&c20=D%3Dv20&v20=en&v33=corporate.functions&c34=D%3Dv33&v34=Global%20Wealth%20Management&c35=D%3Dv34&v43=form%20start&c45=D%3Dv43&c51=D%3Dv53&v52=2025-06-12T12%3A23%3A48Z%20%7C%2011.47.9&v53=wealthmanagement%2Fconnect-with-us&c69=0-4-3-2-1&v70=77077633088525909281932303162303294299&v168=21740122%3A21739909&pe=lnk_o&pev2=Form%20Start&s=1440x900&c=24&j=1.6&v=N&k=Y&bw=1037&bh=687&mcorgid=73FAC51D54C72AE50A4C98BC%40AdobeOrg&lrt=100&AQE=1","timestamp":1751229264807}
[CDP Connection] INFO utils.DevToolsInterceptor - Captured XHR request to URL: https://analytics.ubs.com/b/ss/ubs-loglive/10/JS-2.27.0-LEWM/s0329021631484
[CDP Connection] INFO utils.DevToolsInterceptor - payload==={"method":"POST","queryParams":{},"url":"https://analytics.ubs.com/b/ss/ubs-loglive/10/JS-2.27.0-LEWM/s0329021631484","timestamp":1751229275184}
[CDP Connection] INFO utils.DevToolsInterceptor - Captured Script request to URL: https://analytics.ubs.com/b/ss/ubs-loglive/10/JS-2.27.0-LEWM/s07878433594144?AQB=1&ndh=1&pf=1&callback=s_c_il[1].doPostbacks&et=1&t=29%2F5%2F2025%2022%3A34%3A35%200%20-120&cid.&r_mid.&id=77077633088525909281932303162303294299&.r_mid&.cid&d.&nsid=0&jsonv=1&.d&ts=2025-06-29T20%3A34%3A35.180Z&mid=77077633088525909281932303162303294299&aamlh=6&ce=UTF-8&cl=31536000&g=https%3A%2F%2Fwww.ubs.com%2Fglobal%2Fen%2Fwealthmanagement%2Fconnect-with-us.html&c.&amcid=77077633088525909281932303162303294299&cm.&ssf=0&.cm&.c&h.&architecture=x86&bitness=64&platformVersion=19.0.0&.h&cc=USD&ch=global%3Aglobal%20wealth%20management&server=https%3A%2F%2Fwww.ubs.com&events=event15&c3=D%3Dv4&c4=D%3Dv5&v4=%2Fglobal%2Fen%2Fwealthmanagement%2Fconnect-with-us.html&c5=D%3Dv6&v5=global%3Aglobal%20wealth%20management&v6=%2Fwealthmanagement%2F&c9=D%3Dv9&v9=Mozilla%2F5.0%20%28Windows%20NT%2010.0%3B%20Win64%3B%20x64%29%20AppleWebKit%2F537.36%20%28KHTML%2C%20like%20Gecko%29%20Chrome%2F137.0.0.0%20Safari%2F537.36&c10=D%3Dv10&v10=external&v14=%2Fcontent%2Fsites%2Fglobal%2Fen%2Fwealthmanagement%2Fconnect-with-us&c16=D%3Dv17&c17=D%3Dv18&v17=default%20%7C%20light-mode&c18=D%3Dv14&v18=%2Fconf%2Fubs%2Fsettings%2Fwcm%2Ftemplates%2Fcontent&c19=D%3Dv19&v19=global&c20=D%3Dv20&v20=en&v33=corporate.functions&c34=D%3Dv33&v34=Global%20Wealth%20Management&c35=D%3Dv34&v41=Without%20your%20consent%20we%20are%20not%20able%20to%20process%20your%20personal%20data%20for%20the%20purposes%20stated%20above.&v42=confirmation_159246120%20%281-14%29&c43=D%3Dv41&v43=form%20error&c44=D%3Dv42&c45=D%3Dv43&c51=D%3Dv53&v52=2025-06-12T12%3A23%3A48Z%20%7C%2011.47.9&v53=wealthmanagement%2Fconnect-with-us&c69=0-4-3-2-1&v70=77077633088525909281932303162303294299&v168=21740122%3A21740132%3A21739909&pe=lnk_o&pev2=Form%20Error&s=1440x900&c=24&j=1.6&v=N&k=Y&bw=1037&bh=687&mcorgid=73FAC51D54C72AE50A4C98BC%40AdobeOrg&AQE=1
[CDP Connection] INFO utils.DevToolsInterceptor - payload==={"method":"GET","queryParams":{"v6":"/wealthmanagement/","bitness":"64","v9":"Mozilla/5.0 (Windows NT 10.0; Win64; x64) AppleWebKit/537.36 (KHTML, like Gecko) Chrome/137.0.0.0 Safari/537.36","c35":"D=v34","jsonv":"1","c34":"D=v33","pev2":"Form Error","ssf":"0","aamlh":"6","AQB":"1","v52":"2025-06-12T12:23:48Z | 11.47.9","nsid":"0","v10":"external","v53":"wealthmanagement/connect-with-us","AQE":"1","v14":"/content/sites/global/en/wealthmanagement/connect-with-us","id":"77077633088525909281932303162303294299","amcid":"77077633088525909281932303162303294299","v18":"/conf/ubs/settings/wcm/templates/content","v17":"default | light-mode","events":"event15","v19":"global","c44":"D=v42","c43":"D=v41","c45":"D=v43","et":"1","c3":"D=v4","c4":"D=v5","c5":"D=v6","v20":"en","c9":"D=v9","c51":"D=v53","server":"https://www.ubs.com","c10":"D=v10","bh":"687","c17":"D=v18","mid":"77077633088525909281932303162303294299","c16":"D=v17","c19":"D=v19","c18":"D=v14","v168":"21740122:21740132:21739909","v70":"77077633088525909281932303162303294299","bw":"1037","v34":"Global Wealth Management","platformVersion":"19.0.0","v33":"corporate.functions","architecture":"x86","cc":"USD","c20":"D=v20","mcorgid":"73FAC51D54C72AE50A4C98BC@AdobeOrg","ce":"UTF-8","c":"24","ch":"global:global wealth management","g":"https://www.ubs.com/global/en/wealthmanagement/connect-with-us.html","c69":"0-4-3-2-1","cl":"31536000","j":"1.6","k":"Y","v41":"Without your consent we are not able to process your personal data for the purposes stated above.","ndh":"1","s":"1440x900","t":"29/5/2025 22:34:35 0 -120","v43":"form error","v42":"confirmation_159246120 (1-14)","pe":"lnk_o","pf":"1","v":"N","callback":"s_c_il[1].doPostbacks","v4":"/global/en/wealthmanagement/connect-with-us.html","ts":"2025-06-29T20:34:35.180Z","v5":"global:global wealth management"},"url":"https://analytics.ubs.com/b/ss/ubs-loglive/10/JS-2.27.0-LEWM/s07878433594144?AQB=1&ndh=1&pf=1&callback=s_c_il[1].doPostbacks&et=1&t=29%2F5%2F2025%2022%3A34%3A35%200%20-120&cid.&r_mid.&id=77077633088525909281932303162303294299&.r_mid&.cid&d.&nsid=0&jsonv=1&.d&ts=2025-06-29T20%3A34%3A35.180Z&mid=77077633088525909281932303162303294299&aamlh=6&ce=UTF-8&cl=31536000&g=https%3A%2F%2Fwww.ubs.com%2Fglobal%2Fen%2Fwealthmanagement%2Fconnect-with-us.html&c.&amcid=77077633088525909281932303162303294299&cm.&ssf=0&.cm&.c&h.&architecture=x86&bitness=64&platformVersion=19.0.0&.h&cc=USD&ch=global%3Aglobal%20wealth%20management&server=https%3A%2F%2Fwww.ubs.com&events=event15&c3=D%3Dv4&c4=D%3Dv5&v4=%2Fglobal%2Fen%2Fwealthmanagement%2Fconnect-with-us.html&c5=D%3Dv6&v5=global%3Aglobal%20wealth%20management&v6=%2Fwealthmanagement%2F&c9=D%3Dv9&v9=Mozilla%2F5.0%20%28Windows%20NT%2010.0%3B%20Win64%3B%20x64%29%20AppleWebKit%2F537.36%20%28KHTML%2C%20like%20Gecko%29%20Chrome%2F137.0.0.0%20Safari%2F537.36&c10=D%3Dv10&v10=external&v14=%2Fcontent%2Fsites%2Fglobal%2Fen%2Fwealthmanagement%2Fconnect-with-us&c16=D%3Dv17&c17=D%3Dv18&v17=default%20%7C%20light-mode&c18=D%3Dv14&v18=%2Fconf%2Fubs%2Fsettings%2Fwcm%2Ftemplates%2Fcontent&c19=D%3Dv19&v19=global&c20=D%3Dv20&v20=en&v33=corporate.functions&c34=D%3Dv33&v34=Global%20Wealth%20Management&c35=D%3Dv34&v41=Without%20your%20consent%20we%20are%20not%20able%20to%20process%20your%20personal%20data%20for%20the%20purposes%20stated%20above.&v42=confirmation_159246120%20%281-14%29&c43=D%3Dv41&v43=form%20error&c44=D%3Dv42&c45=D%3Dv43&c51=D%3Dv53&v52=2025-06-12T12%3A23%3A48Z%20%7C%2011.47.9&v53=wealthmanagement%2Fconnect-with-us&c69=0-4-3-2-1&v70=77077633088525909281932303162303294299&v168=21740122%3A21740132%3A21739909&pe=lnk_o&pev2=Form%20Error&s=1440x900&c=24&j=1.6&v=N&k=Y&bw=1037&bh=687&mcorgid=73FAC51D54C72AE50A4C98BC%40AdobeOrg&AQE=1","timestamp":1751229275272}
[CDP Connection] INFO utils.DevToolsInterceptor - Captured Script request to URL: https://analytics.ubs.com/b/ss/ubs-loglive/10/JS-2.27.0-LEWM/s04548876048699?AQB=1&ndh=1&pf=1&callback=s_c_il[1].doPostbacks&et=1&t=29%2F5%2F2025%2022%3A34%3A37%200%20-120&cid.&r_mid.&id=77077633088525909281932303162303294299&.r_mid&.cid&d.&nsid=0&jsonv=1&.d&ts=2025-06-29T20%3A34%3A37.849Z&mid=77077633088525909281932303162303294299&aamlh=6&ce=UTF-8&cl=31536000&g=https%3A%2F%2Fwww.ubs.com%2Fglobal%2Fen%2Fwealthmanagement%2Fconnect-with-us.html&c.&amcid=77077633088525909281932303162303294299&cm.&ssf=0&.cm&.c&h.&architecture=x86&bitness=64&platformVersion=19.0.0&.h&cc=USD&ch=global%3Aglobal%20wealth%20management&server=https%3A%2F%2Fwww.ubs.com&events=event157&c3=D%3Dv4&c4=D%3Dv5&v4=%2Fglobal%2Fen%2Fwealthmanagement%2Fconnect-with-us.html&c5=D%3Dv6&v5=global%3Aglobal%20wealth%20management&v6=%2Fwealthmanagement%2F&c9=D%3Dv9&v9=Mozilla%2F5.0%20%28Windows%20NT%2010.0%3B%20Win64%3B%20x64%29%20AppleWebKit%2F537.36%20%28KHTML%2C%20like%20Gecko%29%20Chrome%2F137.0.0.0%20Safari%2F537.36&c10=D%3Dv10&v10=external&v14=%2Fcontent%2Fsites%2Fglobal%2Fen%2Fwealthmanagement%2Fconnect-with-us&c16=D%3Dv17&c17=D%3Dv18&v17=default%20%7C%20light-mode&c18=D%3Dv14&v18=%2Fconf%2Fubs%2Fsettings%2Fwcm%2Ftemplates%2Fcontent&c19=D%3Dv19&v19=global&c20=D%3Dv20&v20=en&v33=corporate.functions&c34=D%3Dv33&v34=Global%20Wealth%20Management&c35=D%3Dv34&v43=form%20start&c45=D%3Dv43&c51=D%3Dv53&v52=2025-06-12T12%3A23%3A48Z%20%7C%2011.47.9&v53=wealthmanagement%2Fconnect-with-us&c63=D%3Dv91&c64=D%3Dv92&c69=0-4-3-2-1&v70=77077633088525909281932303162303294299&v168=21740122%3A21740132%3A21739909&pe=lnk_o&pev2=Quality%20Form%20Start&s=1440x900&c=24&j=1.6&v=N&k=Y&bw=1037&bh=687&mcorgid=73FAC51D54C72AE50A4C98BC%40AdobeOrg&lrt=94&AQE=1
[CDP Connection] INFO utils.DevToolsInterceptor - payload==={"method":"GET","queryParams":{"v6":"/wealthmanagement/","bitness":"64","v9":"Mozilla/5.0 (Windows NT 10.0; Win64; x64) AppleWebKit/537.36 (KHTML, like Gecko) Chrome/137.0.0.0 Safari/537.36","c35":"D=v34","jsonv":"1","c34":"D=v33","pev2":"Quality Form Start","ssf":"0","aamlh":"6","AQB":"1","v52":"2025-06-12T12:23:48Z | 11.47.9","nsid":"0","v10":"external","v53":"wealthmanagement/connect-with-us","AQE":"1","v14":"/content/sites/global/en/wealthmanagement/connect-with-us","id":"77077633088525909281932303162303294299","amcid":"77077633088525909281932303162303294299","v18":"/conf/ubs/settings/wcm/templates/content","v17":"default | light-mode","events":"event157","v19":"global","c45":"D=v43","et":"1","lrt":"94","c3":"D=v4","c4":"D=v5","c5":"D=v6","v20":"en","c9":"D=v9","c51":"D=v53","server":"https://www.ubs.com","c10":"D=v10","bh":"687","c17":"D=v18","mid":"77077633088525909281932303162303294299","c16":"D=v17","c19":"D=v19","c18":"D=v14","v168":"21740122:21740132:21739909","v70":"77077633088525909281932303162303294299","bw":"1037","v34":"Global Wealth Management","platformVersion":"19.0.0","v33":"corporate.functions","architecture":"x86","cc":"USD","c20":"D=v20","c64":"D=v92","c63":"D=v91","mcorgid":"73FAC51D54C72AE50A4C98BC@AdobeOrg","ce":"UTF-8","c":"24","ch":"global:global wealth management","g":"https://www.ubs.com/global/en/wealthmanagement/connect-with-us.html","c69":"0-4-3-2-1","cl":"31536000","j":"1.6","k":"Y","ndh":"1","s":"1440x900","t":"29/5/2025 22:34:37 0 -120","v43":"form start","pe":"lnk_o","pf":"1","v":"N","callback":"s_c_il[1].doPostbacks","v4":"/global/en/wealthmanagement/connect-with-us.html","ts":"2025-06-29T20:34:37.849Z","v5":"global:global wealth management"},"url":"https://analytics.ubs.com/b/ss/ubs-loglive/10/JS-2.27.0-LEWM/s04548876048699?AQB=1&ndh=1&pf=1&callback=s_c_il[1].doPostbacks&et=1&t=29%2F5%2F2025%2022%3A34%3A37%200%20-120&cid.&r_mid.&id=77077633088525909281932303162303294299&.r_mid&.cid&d.&nsid=0&jsonv=1&.d&ts=2025-06-29T20%3A34%3A37.849Z&mid=77077633088525909281932303162303294299&aamlh=6&ce=UTF-8&cl=31536000&g=https%3A%2F%2Fwww.ubs.com%2Fglobal%2Fen%2Fwealthmanagement%2Fconnect-with-us.html&c.&amcid=77077633088525909281932303162303294299&cm.&ssf=0&.cm&.c&h.&architecture=x86&bitness=64&platformVersion=19.0.0&.h&cc=USD&ch=global%3Aglobal%20wealth%20management&server=https%3A%2F%2Fwww.ubs.com&events=event157&c3=D%3Dv4&c4=D%3Dv5&v4=%2Fglobal%2Fen%2Fwealthmanagement%2Fconnect-with-us.html&c5=D%3Dv6&v5=global%3Aglobal%20wealth%20management&v6=%2Fwealthmanagement%2F&c9=D%3Dv9&v9=Mozilla%2F5.0%20%28Windows%20NT%2010.0%3B%20Win64%3B%20x64%29%20AppleWebKit%2F537.36%20%28KHTML%2C%20like%20Gecko%29%20Chrome%2F137.0.0.0%20Safari%2F537.36&c10=D%3Dv10&v10=external&v14=%2Fcontent%2Fsites%2Fglobal%2Fen%2Fwealthmanagement%2Fconnect-with-us&c16=D%3Dv17&c17=D%3Dv18&v17=default%20%7C%20light-mode&c18=D%3Dv14&v18=%2Fconf%2Fubs%2Fsettings%2Fwcm%2Ftemplates%2Fcontent&c19=D%3Dv19&v19=global&c20=D%3Dv20&v20=en&v33=corporate.functions&c34=D%3Dv33&v34=Global%20Wealth%20Management&c35=D%3Dv34&v43=form%20start&c45=D%3Dv43&c51=D%3Dv53&v52=2025-06-12T12%3A23%3A48Z%20%7C%2011.47.9&v53=wealthmanagement%2Fconnect-with-us&c63=D%3Dv91&c64=D%3Dv92&c69=0-4-3-2-1&v70=77077633088525909281932303162303294299&v168=21740122%3A21740132%3A21739909&pe=lnk_o&pev2=Quality%20Form%20Start&s=1440x900&c=24&j=1.6&v=N&k=Y&bw=1037&bh=687&mcorgid=73FAC51D54C72AE50A4C98BC%40AdobeOrg&lrt=94&AQE=1","timestamp":1751229277869}
]]></system-err>
  </testcase>
</testsuite>